<?xml version="1.0" encoding="UTF-8"?>
<!-- Generated by org.testng.reporters.JUnitReportReporter -->
<testsuite hostname="Vanithamanis-MacBook-Pro.local" failures="0" tests="1" name="testcases.ValidateCenterText" time="0.021" errors="0" timestamp="2022-07-15T10:44:57 IST" skipped="0">
  <testcase classname="testcases.ValidateCenterText" name="validateText" time="0.021"/>
  <system-out/>
</testsuite> <!-- testcases.ValidateCenterText -->
