<?xml version="1.0" encoding="UTF-8"?>
<!-- Generated by org.testng.reporters.JUnitReportReporter -->
<testsuite hostname="Vanithamanis-MacBook-Pro.local" failures="0" tests="2" name="testcases.LoginScenario" time="0.288" errors="0" timestamp="2022-07-15T12:14:49 IST" skipped="0">
  <testcase classname="testcases.LoginScenario" name="navigatingHomePage" time="0.169"/>
  <system-out/>
  <testcase classname="testcases.LoginScenario" name="navigatingHomePage" time="0.119"/>
  <system-out/>
</testsuite> <!-- testcases.LoginScenario -->
